#
# There is insufficient memory for the Java Runtime Environment to continue.
# Native memory allocation (mmap) failed to map 536870912 bytes for G1 virtual space
# Possible reasons:
#   The system is out of physical RAM or swap space
#   The process is running with CompressedOops enabled, and the Java Heap may be blocking the growth of the native heap
# Possible solutions:
#   Reduce memory load on the system
#   Increase physical memory or swap space
#   Check if swap backing store is full
#   Decrease Java heap size (-Xmx/-Xms)
#   Decrease number of Java threads
#   Decrease Java thread stack sizes (-Xss)
#   Set larger code cache with -XX:ReservedCodeCacheSize=
#   JVM is running with Zero Based Compressed Oops mode in which the Java heap is
#     placed in the first 32GB address space. The Java Heap base address is the
#     maximum limit for the native heap growth. Please use -XX:HeapBaseMinAddress
#     to set the Java Heap base and to place the Java Heap above 32GB virtual address.
# This output file may be truncated or incomplete.
#
#  Out of Memory Error (./open/src/hotspot/os/windows/os_windows.cpp:3321), pid=139012, tid=128112
#
# JRE version:  (15.0.2+7) (build )
# Java VM: OpenJDK 64-Bit Server VM (15.0.2+7-27, mixed mode, sharing, tiered, compressed oops, g1 gc, windows-amd64)
# No core dump will be written. Minidumps are not enabled by default on client versions of Windows
#

---------------  S U M M A R Y ------------

Command Line: -Dfile.encoding=Cp1252 -XX:+ShowCodeDetailsInExceptionMessages world.SpaceBattleSim

Host: AMD Ryzen 5 2600X Six-Core Processor           , 12 cores, 31G,  Windows 10 , 64 bit Build 19041 (10.0.19041.1645)
Time: Mon May  2 17:05:33 2022 Mountain Daylight Time elapsed time: 0.011840 seconds (0d 0h 0m 0s)

---------------  T H R E A D  ---------------

Current thread (0x000002534dac0630):  JavaThread "Unknown thread" [_thread_in_vm, id=128112, stack(0x000000804b900000,0x000000804ba00000)]

Stack: [0x000000804b900000,0x000000804ba00000]
Native frames: (J=compiled Java code, j=interpreted, Vv=VM code, C=native code)
V  [jvm.dll+0x62ae9a]
V  [jvm.dll+0x7817a9]
V  [jvm.dll+0x782f03]
V  [jvm.dll+0x783563]
V  [jvm.dll+0x216325]
V  [jvm.dll+0x6281d9]
V  [jvm.dll+0x61cf55]
V  [jvm.dll+0x2cffdd]
V  [jvm.dll+0x2cfe42]
V  [jvm.dll+0x2d5e1c]
V  [jvm.dll+0x32590a]
V  [jvm.dll+0x324fd4]
V  [jvm.dll+0x2a6f5a]
V  [jvm.dll+0x2a80f8]
V  [jvm.dll+0x75e241]
V  [jvm.dll+0x3341c4]
V  [jvm.dll+0x73e926]
V  [jvm.dll+0x3b7557]
V  [jvm.dll+0x3b8fe1]
C  [jli.dll+0x52fb]
C  [ucrtbase.dll+0x21bb2]
C  [KERNEL32.DLL+0x17034]
C  [ntdll.dll+0x52651]


---------------  P R O C E S S  ---------------

Threads class SMR info:
_java_thread_list=0x00007ff953c84ff0, length=0, elements={
}

Java Threads: ( => current thread )

Other Threads:
  0x000002534db35e60 GCTaskThread "GC Thread#0" [stack: 0x000000804ba00000,0x000000804bb00000] [id=140292]
  0x000002534db497c0 ConcurrentGCThread "G1 Main Marker" [stack: 0x000000804bb00000,0x000000804bc00000] [id=129184]
  0x000002534db4a3b0 ConcurrentGCThread "G1 Conc#0" [stack: 0x000000804bc00000,0x000000804bd00000] [id=132180]

[error occurred during error reporting (printing all threads), id 0xc0000005, EXCEPTION_ACCESS_VIOLATION (0xc0000005) at pc=0x00007ff953477e27]

VM state: not at safepoint (not fully initialized)

VM Mutex/Monitor currently owned by a thread:  ([mutex/lock_event])
[0x000002534dabc670] Heap_lock - owner thread: 0x000002534dac0630

Heap address: 0x0000000601400000, size: 8172 MB, Compressed Oops mode: Zero based, Oop shift amount: 3
CDS archive(s) mapped at: [0x0000000000000000-0x0000000000000000-0x0000000000000000), size 0, SharedBaseAddress: 0x0000000800000000, ArchiveRelocationMode: 0.
Narrow klass base: 0x0000000000000000, Narrow klass shift: 0, Narrow klass range: 0x0

Heap:
 garbage-first heap   total 524288K, used 0K [0x0000000601400000, 0x0000000800000000)
  region size 4096K, 0 young (0K), 0 survivors (0K)
 Metaspace       used 0K, capacity 0K, committed 0K, reserved 0K
  class space    used 0K, capacity 0K, committed 0K, reserved 0K

Heap Regions: E=young(eden), S=young(survivor), O=old, HS=humongous(starts), HC=humongous(continues), CS=collection set, F=free, OA=open archive, CA=closed archive, TAMS=top-at-mark-start (previous, next)

Card table byte_map: [0x0000025361a30000,0x0000025362a30000] _byte_map_base: 0x000002535ea26000

Marking Bits (Prev, Next): (CMBitMap*) 0x000002534db376e0, (CMBitMap*) 0x000002534db37720
 Prev Bits: [0x0000025363a30000, 0x000002536b9e0000)
 Next Bits: [0x000002536b9e0000, 0x0000025373990000)

GC Heap History (0 events):
No events

Deoptimization events (0 events):
No events

Classes unloaded (0 events):
No events

Classes redefined (0 events):
No events

Internal exceptions (0 events):
No events

Events (1 events):
Event: 0.006 Loaded shared library C:\Users\Danny\.p2\pool\plugins\org.eclipse.justj.openjdk.hotspot.jre.full.win32.x86_64_15.0.2.v20210201-0955\jre\bin\java.dll


Dynamic libraries:
0x00007ff769110000 - 0x00007ff76911d000 	C:\Users\Danny\.p2\pool\plugins\org.eclipse.justj.openjdk.hotspot.jre.full.win32.x86_64_15.0.2.v20210201-0955\jre\bin\javaw.exe
0x00007ff9f4f70000 - 0x00007ff9f5165000 	C:\WINDOWS\SYSTEM32\ntdll.dll
0x00007ff9f3e20000 - 0x00007ff9f3ede000 	C:\WINDOWS\System32\KERNEL32.DLL
0x00007ff9f2ac0000 - 0x00007ff9f2d88000 	C:\WINDOWS\System32\KERNELBASE.dll
0x00007ff9f2ed0000 - 0x00007ff9f2fd0000 	C:\WINDOWS\System32\ucrtbase.dll
0x00007ff9c5f00000 - 0x00007ff9c5f18000 	C:\Users\Danny\.p2\pool\plugins\org.eclipse.justj.openjdk.hotspot.jre.full.win32.x86_64_15.0.2.v20210201-0955\jre\bin\jli.dll
0x00007ff9bc0c0000 - 0x00007ff9bc0d9000 	C:\Users\Danny\.p2\pool\plugins\org.eclipse.justj.openjdk.hotspot.jre.full.win32.x86_64_15.0.2.v20210201-0955\jre\bin\VCRUNTIME140.dll
0x00007ff9f3ee0000 - 0x00007ff9f4080000 	C:\WINDOWS\System32\USER32.dll
0x00007ff9e5e30000 - 0x00007ff9e60ca000 	C:\WINDOWS\WinSxS\amd64_microsoft.windows.common-controls_6595b64144ccf1df_6.0.19041.1110_none_60b5254171f9507e\COMCTL32.dll
0x00007ff9f48b0000 - 0x00007ff9f494e000 	C:\WINDOWS\System32\msvcrt.dll
0x00007ff9f2850000 - 0x00007ff9f2872000 	C:\WINDOWS\System32\win32u.dll
0x00007ff9f4f00000 - 0x00007ff9f4f2a000 	C:\WINDOWS\System32\GDI32.dll
0x00007ff9f2740000 - 0x00007ff9f284b000 	C:\WINDOWS\System32\gdi32full.dll
0x00007ff9f2e30000 - 0x00007ff9f2ecd000 	C:\WINDOWS\System32\msvcp_win.dll
0x00007ff9f3390000 - 0x00007ff9f33c0000 	C:\WINDOWS\System32\IMM32.DLL
0x00007ff9c7df0000 - 0x00007ff9c7dfc000 	C:\Users\Danny\.p2\pool\plugins\org.eclipse.justj.openjdk.hotspot.jre.full.win32.x86_64_15.0.2.v20210201-0955\jre\bin\vcruntime140_1.dll
0x00007ff9a7800000 - 0x00007ff9a7891000 	C:\Users\Danny\.p2\pool\plugins\org.eclipse.justj.openjdk.hotspot.jre.full.win32.x86_64_15.0.2.v20210201-0955\jre\bin\msvcp140.dll
0x00007ff9531c0000 - 0x00007ff953d1e000 	C:\Users\Danny\.p2\pool\plugins\org.eclipse.justj.openjdk.hotspot.jre.full.win32.x86_64_15.0.2.v20210201-0955\jre\bin\server\jvm.dll
0x00007ff9f3d70000 - 0x00007ff9f3e1e000 	C:\WINDOWS\System32\ADVAPI32.dll
0x00007ff9f44e0000 - 0x00007ff9f457c000 	C:\WINDOWS\System32\sechost.dll
0x00007ff9f4780000 - 0x00007ff9f48a5000 	C:\WINDOWS\System32\RPCRT4.dll
0x00007ff9f4e90000 - 0x00007ff9f4e98000 	C:\WINDOWS\System32\PSAPI.DLL
0x00007ff9e89e0000 - 0x00007ff9e8a07000 	C:\WINDOWS\SYSTEM32\WINMM.dll
0x00007ff985c10000 - 0x00007ff985c19000 	C:\WINDOWS\SYSTEM32\WSOCK32.dll
0x00007ff9f3bf0000 - 0x00007ff9f3c5b000 	C:\WINDOWS\System32\WS2_32.dll
0x00007ff9eaf30000 - 0x00007ff9eaf3a000 	C:\WINDOWS\SYSTEM32\VERSION.dll
0x00007ff9f07b0000 - 0x00007ff9f07c2000 	C:\WINDOWS\SYSTEM32\kernel.appcore.dll
0x00007ff9eea00000 - 0x00007ff9eea0a000 	C:\Users\Danny\.p2\pool\plugins\org.eclipse.justj.openjdk.hotspot.jre.full.win32.x86_64_15.0.2.v20210201-0955\jre\bin\jimage.dll
0x00007ff9f0400000 - 0x00007ff9f05e4000 	C:\WINDOWS\SYSTEM32\DBGHELP.DLL
0x00007ff9d86b0000 - 0x00007ff9d86dc000 	C:\WINDOWS\SYSTEM32\dbgcore.DLL
0x00007ff9f2880000 - 0x00007ff9f2902000 	C:\WINDOWS\System32\bcryptPrimitives.dll
0x00007ff9c01d0000 - 0x00007ff9c01f5000 	C:\Users\Danny\.p2\pool\plugins\org.eclipse.justj.openjdk.hotspot.jre.full.win32.x86_64_15.0.2.v20210201-0955\jre\bin\java.dll

dbghelp: loaded successfully - version: 4.0.5 - missing functions: none
symbol engine: initialized successfully - sym options: 0x614 - pdb path: .;C:\Users\Danny\.p2\pool\plugins\org.eclipse.justj.openjdk.hotspot.jre.full.win32.x86_64_15.0.2.v20210201-0955\jre\bin;C:\WINDOWS\SYSTEM32;C:\WINDOWS\WinSxS\amd64_microsoft.windows.common-controls_6595b64144ccf1df_6.0.19041.1110_none_60b5254171f9507e;C:\Users\Danny\.p2\pool\plugins\org.eclipse.justj.openjdk.hotspot.jre.full.win32.x86_64_15.0.2.v20210201-0955\jre\bin\server

VM Arguments:
jvm_args: -Dfile.encoding=Cp1252 -XX:+ShowCodeDetailsInExceptionMessages 
java_command: world.SpaceBattleSim
java_class_path (initial): C:\Users\Danny\git\SpaceBattleSim\SpaceBattleSim\bin
Launcher Type: SUN_STANDARD

[Global flags]
     intx CICompilerCount                          = 4                                         {product} {ergonomic}
     uint ConcGCThreads                            = 3                                         {product} {ergonomic}
     uint G1ConcRefinementThreads                  = 10                                        {product} {ergonomic}
   size_t G1HeapRegionSize                         = 4194304                                   {product} {ergonomic}
    uintx GCDrainStackTargetSize                   = 64                                        {product} {ergonomic}
   size_t InitialHeapSize                          = 536870912                                 {product} {ergonomic}
   size_t MarkStackSize                            = 4194304                                   {product} {ergonomic}
   size_t MaxHeapSize                              = 8568963072                                {product} {ergonomic}
   size_t MinHeapDeltaBytes                        = 4194304                                   {product} {ergonomic}
   size_t MinHeapSize                              = 8388608                                   {product} {ergonomic}
    uintx NonNMethodCodeHeapSize                   = 5839372                                {pd product} {ergonomic}
    uintx NonProfiledCodeHeapSize                  = 122909434                              {pd product} {ergonomic}
    uintx ProfiledCodeHeapSize                     = 122909434                              {pd product} {ergonomic}
    uintx ReservedCodeCacheSize                    = 251658240                              {pd product} {ergonomic}
     bool SegmentedCodeCache                       = true                                      {product} {ergonomic}
     bool ShowCodeDetailsInExceptionMessages       = true                                   {manageable} {command line}
   size_t SoftMaxHeapSize                          = 8568963072                             {manageable} {ergonomic}
     bool UseCompressedClassPointers               = true                                 {lp64_product} {ergonomic}
     bool UseCompressedOops                        = true                                 {lp64_product} {ergonomic}
     bool UseG1GC                                  = true                                      {product} {ergonomic}
     bool UseLargePagesIndividualAllocation        = false                                  {pd product} {ergonomic}

Logging:
Log output configuration:
 #0: stdout all=warning uptime,level,tags
 #1: stderr all=off uptime,level,tags

Environment Variables:
PATH=C:/Users/Danny/.p2/pool/plugins/org.eclipse.justj.openjdk.hotspot.jre.full.win32.x86_64_15.0.2.v20210201-0955/jre/bin/server;C:/Users/Danny/.p2/pool/plugins/org.eclipse.justj.openjdk.hotspot.jre.full.win32.x86_64_15.0.2.v20210201-0955/jre/bin;C:\Program Files\Eclipse Foundation\jdk-16.0.2.7-hotspot\bin;C:\Program Files\Common Files\Oracle\Java\javapath;C:\Program Files\Oculus\Support\oculus-runtime;C:\Program Files (x86)\Common Files\Oracle\Java\javapath;C:\Windows\system32;C:\Windows;C:\Windows\System32\Wbem;C:\Windows\System32\WindowsPowerShell\v1.0\;C:\Windows\System32\OpenSSH\;C:\Program Files (x86)\NVIDIA Corporation\PhysX\Common;C:\Program Files\NVIDIA Corporation\NVIDIA NvDLISR;E:\;C:\WINDOWS\system32;C:\WINDOWS;C:\WINDOWS\System32\Wbem;C:\WINDOWS\System32\WindowsPowerShell\v1.0\;C:\WINDOWS\System32\OpenSSH\;C:\Program Files\dotnet\;C:\Program Files\Java8u212\bin\server\;C:\Program Files\Microsoft SQL Server\110\Tools\Binn\;C:\Program Files\Oculus\Support\oculus-runtime;C:\Program Files (x86)\Common Files\Oracle\Java\javapath;C:\Windows\system32;C:\Windows;C:\Windows\System32\Wbem;C:\Windows\System32\WindowsPowerShell\v1.0\;C:\Windows\System32\OpenSSH\;C:\Program Files (x86)\NVIDIA Corporation\PhysX\Common;C:\Program Files\NVIDIA Corporation\NVIDIA NvDLISR;E:\;C:\WINDOWS\system32;C:\WINDOWS;C:\WINDOWS\System32\Wbem;C:\WINDOWS\System32\WindowsPowerShell\v1.0\;C:\WINDOWS\System32\OpenSSH\;C:\Program Files\dotnet\;C:\Users\Danny\AppData\Local\Microsoft\WindowsApps;C:\Users\Danny\AppData\Roaming\npm;C:\Python34\Scripts;%USERPROFILE%\AppData\Local\Microsoft\WindowsApps;;C:\Users\Danny\Desktop;
USERNAME=Danny
OS=Windows_NT
PROCESSOR_IDENTIFIER=AMD64 Family 23 Model 8 Stepping 2, AuthenticAMD



---------------  S Y S T E M  ---------------

OS:
 Windows 10 , 64 bit Build 19041 (10.0.19041.1645)
OS uptime: 11 days 21:36 hours

CPU: total 12 (initial active 12) (12 cores per cpu, 2 threads per core) family 23 model 8 stepping 2 microcode 0x0, cmov, cx8, fxsr, mmx, sse, sse2, sse3, ssse3, sse4.1, sse4.2, popcnt, vzeroupper, avx, avx2, aes, clmul, 3dnowpref, lzcnt, sse4a, ht, tsc, tscinvbit, tscinv, bmi1, bmi2, adx, sha, fma, clflush, clflushopt

Memory: 4k page, system-wide physical 32678M (11991M free)
TotalPageFile size 65446M (AvailPageFile size 173M)
current process WorkingSet (physical memory assigned to process): 10M, peak: 10M
current process commit charge ("private bytes"): 64M, peak: 576M

vm_info: OpenJDK 64-Bit Server VM (15.0.2+7-27) for windows-amd64 JRE (15.0.2+7-27), built on Dec  7 2020 20:02:38 by "mach5one" with unknown MS VC++:1925

END.
